This file contains any messages produced by compilers while
running configure, to aid debugging if configure makes a mistake.

It was created by bridge-utils configure 1.5, which was
generated by GNU Autoconf 2.69.  Invocation command line was

  $ ../../bridge-utils-1.5/configure --host=arm-buildroot-linux-gnueabi --prefix=/home/gitserv_asus/GPL/ASUS_GPL/3000/asuswrt/release/src-rt-5.02axhnd.675x/targets/96750GW/fs.build/gpl --with-linux-headers=/opt/toolchains//crosstools-arm-gcc-5.5-linux-4.1-glibc-2.26-binutils-2.28.1/usr/arm-buildroot-linux-gnueabi/sysroot/usr/include LDFLAGS=-L/home/gitserv_asus/GPL/ASUS_GPL/3000/asuswrt/release/src-rt-5.02axhnd.675x/targets/96750GW/fs.install/lib CFLAGS=-Os -march=armv7-a -fomit-frame-pointer -mno-thumb-interwork -mabi=aapcs-linux -marm -fno-common -ffixed-r8 -msoft-float -D__ARM_ARCH_7A__ -Wno-date-time -Wno-cpp -I/home/gitserv_asus/GPL/ASUS_GPL/3000/asuswrt/release/src-rt-5.02axhnd.675x/kernel

## --------- ##
## Platform. ##
## --------- ##

hostname = P6596-PLX
uname -m = x86_64
uname -r = 5.4.0-125-generic
uname -s = Linux
uname -v = #141~18.04.1-Ubuntu SMP Thu Aug 11 20:15:56 UTC 2022

/usr/bin/uname -p = unknown
/bin/uname -X     = unknown

/bin/arch              = unknown
/usr/bin/arch -k       = unknown
/usr/convex/getsysinfo = unknown
/usr/bin/hostinfo      = unknown
/bin/machine           = unknown
/usr/bin/oslevel       = unknown
/bin/universe          = unknown

PATH: /media/1T_HDD/GPL/ASUS_GPL/3000/asuswrt/release/tools
PATH: /home/gitserv_asus/GPL/ASUS_GPL/3000/asuswrt/release/src-rt-5.02axhnd.675x/bcmdrivers/broadcom/net/wl/bcm96750/main/src/ctools
PATH: /media/1T_HDD/GPL/ASUS_GPL/3000/asuswrt/release/tools
PATH: /home/gitserv_asus/GPL/ASUS_GPL/3000/asuswrt/release/src-rt-5.02axhnd.675x/bcmdrivers/broadcom/net/wl/bcm96750/main/src/ctools
PATH: /media/1T_HDD/GPL/ASUS_GPL/3000/asuswrt/release/tools
PATH: /home/gitserv_asus/GPL/ASUS_GPL/3000/asuswrt/release/src-rt-5.02axhnd.675x/bcmdrivers/broadcom/net/wl/bcm96750/main/src/ctools
PATH: /home/gitserv_asus/go/bin
PATH: /usr/lib/go-1.17/bin
PATH: /home/gitserv_asus/go/bin
PATH: /home/gitserv_asus/bin
PATH: /home/gitserv_asus/.local/bin
PATH: /usr/local/sbin
PATH: /usr/local/bin
PATH: /usr/sbin
PATH: /usr/bin
PATH: /sbin
PATH: /bin
PATH: /usr/games
PATH: /usr/local/games
PATH: /snap/bin
PATH: /opt/brcm/hndtools-mipsel-linux/bin
PATH: /opt/brcm/hndtools-mipsel-uclibc/bin
PATH: /opt/buildroot-gcc463/bin
PATH: /opt/buildroot-gcc342/bin
PATH: /projects/tools
PATH: /projects/hnd/tools/linux/hndtools-arm-linux-2.6.36-uclibc-4.5.3/bin
PATH: /projects/hnd/tools/linux/hndtools-arm-linux-2.6.36-uclibc-4.5.3/arm-linux/bin
PATH: /projects/hnd/tools/linux/hndtools-arm-linux-2.6.36-uclibc-4.5.3/usr/bin
PATH: /opt/openwrt-gcc463.mips/bin
PATH: /opt/openwrt-gcc463.arm/bin
PATH: /opt/toolchains/crosstools-arm-gcc-5.3-linux-4.1-glibc-2.22-binutils-2.25/usr/bin
PATH: /opt/toolchains/crosstools-aarch64-gcc-5.3-linux-4.1-glibc-2.22-binutils-2.25/usr/bin
PATH: /projects/hnd/tools/linux/hndtools-armeabi-2013.11/bin
PATH: /opt/mips-2012.03/bin
PATH: /opt/openwrt-gcc463.mips.mesh/bin
PATH: /opt/toolchains/crosstools-aarch64-gcc-5.5-linux-4.1-glibc-2.26-binutils-2.28.1
PATH: /opt/toolchains/crosstools-arm-gcc-5.5-linux-4.1-glibc-2.26-binutils-2.28.1
PATH: /media/ASUSWRT/asuswrt-repository-2/release/src-rt-5.02axhnd.675x/bcmdrivers/broadcom/net/wl/impl63/main/tools/
PATH: /media/ASUSWRT/asuswrt-repository-3/release/src-rt-5.02axhnd/bcmdrivers/broadcom/net/wl/impl51/main/src/ctools/
PATH: /opt/toolchain-mipsel_24kc_gcc-5.4.0_musl-1.1.24
PATH: /home/gitserv_asus/GPL/ASUS_GPL/3000/asuswrt/release/src-rt-5.02axhnd.675x/bcmdrivers/broadcom/net/wl/bcm963178/main/tools/


## ----------- ##
## Core tests. ##
## ----------- ##

configure:2121: checking for arm-buildroot-linux-gnueabi-gcc
configure:2148: result: /opt/toolchains//crosstools-arm-gcc-5.5-linux-4.1-glibc-2.26-binutils-2.28.1/usr/bin/arm-buildroot-linux-gnueabi-gcc
configure:2417: checking for C compiler version
configure:2426: /opt/toolchains//crosstools-arm-gcc-5.5-linux-4.1-glibc-2.26-binutils-2.28.1/usr/bin/arm-buildroot-linux-gnueabi-gcc --version >&5
arm-buildroot-linux-gnueabi-gcc.br_real (Buildroot 2017.11.1) 5.5.0
Copyright (C) 2015 Free Software Foundation, Inc.
This is free software; see the source for copying conditions.  There is NO
warranty; not even for MERCHANTABILITY or FITNESS FOR A PARTICULAR PURPOSE.

configure:2437: $? = 0
configure:2426: /opt/toolchains//crosstools-arm-gcc-5.5-linux-4.1-glibc-2.26-binutils-2.28.1/usr/bin/arm-buildroot-linux-gnueabi-gcc -v >&5
Using built-in specs.
COLLECT_GCC=/opt/toolchains/crosstools-arm-gcc-5.5-linux-4.1-glibc-2.26-binutils-2.28.1/bin/arm-buildroot-linux-gnueabi-gcc.br_real
COLLECT_LTO_WRAPPER=/opt/toolchains/crosstools-arm-gcc-5.5-linux-4.1-glibc-2.26-binutils-2.28.1/libexec/gcc/arm-buildroot-linux-gnueabi/5.5.0/lto-wrapper
Target: arm-buildroot-linux-gnueabi
Configured with: ./configure --prefix=/opt/toolchains/crosstools-arm-gcc-5.5-linux-4.1-glibc-2.26-binutils-2.28.1 --sysconfdir=/opt/toolchains/crosstools-arm-gcc-5.5-linux-4.1-glibc-2.26-binutils-2.28.1/etc --enable-static --target=arm-buildroot-linux-gnueabi --with-sysroot=/opt/toolchains/crosstools-arm-gcc-5.5-linux-4.1-glibc-2.26-binutils-2.28.1/arm-buildroot-linux-gnueabi/sysroot --disable-__cxa_atexit --with-gnu-ld --disable-libssp --disable-multilib --with-gmp=/opt/toolchains/crosstools-arm-gcc-5.5-linux-4.1-glibc-2.26-binutils-2.28.1 --with-mpc=/opt/toolchains/crosstools-arm-gcc-5.5-linux-4.1-glibc-2.26-binutils-2.28.1 --with-mpfr=/opt/toolchains/crosstools-arm-gcc-5.5-linux-4.1-glibc-2.26-binutils-2.28.1 --with-pkgversion='Buildroot 2017.11.1' --with-bugurl=http://bugs.buildroot.net/ --disable-libquadmath --enable-tls --disable-libmudflap --enable-threads --without-isl --without-cloog --with-float=soft --disable-decimal-float --with-abi=aapcs-linux --with-cpu=cortex-a9 --with-float=soft --with-mode=arm --enable-languages=c,c++ --with-build-time-tools=/opt/toolchains/crosstools-arm-gcc-5.5-linux-4.1-glibc-2.26-binutils-2.28.1/arm-buildroot-linux-gnueabi/bin --enable-shared --disable-libgomp
Thread model: posix
gcc version 5.5.0 (Buildroot 2017.11.1) 
configure:2437: $? = 0
configure:2426: /opt/toolchains//crosstools-arm-gcc-5.5-linux-4.1-glibc-2.26-binutils-2.28.1/usr/bin/arm-buildroot-linux-gnueabi-gcc -V >&5
arm-buildroot-linux-gnueabi-gcc.br_real: error: unrecognized command line option '-V'
arm-buildroot-linux-gnueabi-gcc.br_real: fatal error: no input files
compilation terminated.
configure:2437: $? = 1
configure:2426: /opt/toolchains//crosstools-arm-gcc-5.5-linux-4.1-glibc-2.26-binutils-2.28.1/usr/bin/arm-buildroot-linux-gnueabi-gcc -qversion >&5
arm-buildroot-linux-gnueabi-gcc.br_real: error: unrecognized command line option '-qversion'
arm-buildroot-linux-gnueabi-gcc.br_real: fatal error: no input files
compilation terminated.
configure:2437: $? = 1
configure:2457: checking whether the C compiler works
configure:2479: /opt/toolchains//crosstools-arm-gcc-5.5-linux-4.1-glibc-2.26-binutils-2.28.1/usr/bin/arm-buildroot-linux-gnueabi-gcc -Os -march=armv7-a -fomit-frame-pointer -mno-thumb-interwork -mabi=aapcs-linux -marm -fno-common -ffixed-r8 -msoft-float -D__ARM_ARCH_7A__ -Wno-date-time -Wno-cpp -I/home/gitserv_asus/GPL/ASUS_GPL/3000/asuswrt/release/src-rt-5.02axhnd.675x/kernel  -L/home/gitserv_asus/GPL/ASUS_GPL/3000/asuswrt/release/src-rt-5.02axhnd.675x/targets/96750GW/fs.install/lib conftest.c  >&5
configure:2483: $? = 0
configure:2531: result: yes
configure:2534: checking for C compiler default output file name
configure:2536: result: a.out
configure:2542: checking for suffix of executables
configure:2549: /opt/toolchains//crosstools-arm-gcc-5.5-linux-4.1-glibc-2.26-binutils-2.28.1/usr/bin/arm-buildroot-linux-gnueabi-gcc -o conftest -Os -march=armv7-a -fomit-frame-pointer -mno-thumb-interwork -mabi=aapcs-linux -marm -fno-common -ffixed-r8 -msoft-float -D__ARM_ARCH_7A__ -Wno-date-time -Wno-cpp -I/home/gitserv_asus/GPL/ASUS_GPL/3000/asuswrt/release/src-rt-5.02axhnd.675x/kernel  -L/home/gitserv_asus/GPL/ASUS_GPL/3000/asuswrt/release/src-rt-5.02axhnd.675x/targets/96750GW/fs.install/lib conftest.c  >&5
configure:2553: $? = 0
configure:2575: result: 
configure:2597: checking whether we are cross compiling
configure:2605: /opt/toolchains//crosstools-arm-gcc-5.5-linux-4.1-glibc-2.26-binutils-2.28.1/usr/bin/arm-buildroot-linux-gnueabi-gcc -o conftest -Os -march=armv7-a -fomit-frame-pointer -mno-thumb-interwork -mabi=aapcs-linux -marm -fno-common -ffixed-r8 -msoft-float -D__ARM_ARCH_7A__ -Wno-date-time -Wno-cpp -I/home/gitserv_asus/GPL/ASUS_GPL/3000/asuswrt/release/src-rt-5.02axhnd.675x/kernel  -L/home/gitserv_asus/GPL/ASUS_GPL/3000/asuswrt/release/src-rt-5.02axhnd.675x/targets/96750GW/fs.install/lib conftest.c  >&5
configure:2609: $? = 0
configure:2616: ./conftest
/lib/ld-linux.so.3: No such file or directory
configure:2620: $? = 255
configure:2635: result: yes
configure:2640: checking for suffix of object files
configure:2662: /opt/toolchains//crosstools-arm-gcc-5.5-linux-4.1-glibc-2.26-binutils-2.28.1/usr/bin/arm-buildroot-linux-gnueabi-gcc -c -Os -march=armv7-a -fomit-frame-pointer -mno-thumb-interwork -mabi=aapcs-linux -marm -fno-common -ffixed-r8 -msoft-float -D__ARM_ARCH_7A__ -Wno-date-time -Wno-cpp -I/home/gitserv_asus/GPL/ASUS_GPL/3000/asuswrt/release/src-rt-5.02axhnd.675x/kernel  conftest.c >&5
configure:2666: $? = 0
configure:2687: result: o
configure:2691: checking whether we are using the GNU C compiler
configure:2710: /opt/toolchains//crosstools-arm-gcc-5.5-linux-4.1-glibc-2.26-binutils-2.28.1/usr/bin/arm-buildroot-linux-gnueabi-gcc -c -Os -march=armv7-a -fomit-frame-pointer -mno-thumb-interwork -mabi=aapcs-linux -marm -fno-common -ffixed-r8 -msoft-float -D__ARM_ARCH_7A__ -Wno-date-time -Wno-cpp -I/home/gitserv_asus/GPL/ASUS_GPL/3000/asuswrt/release/src-rt-5.02axhnd.675x/kernel  conftest.c >&5
configure:2710: $? = 0
configure:2719: result: yes
configure:2728: checking whether /opt/toolchains//crosstools-arm-gcc-5.5-linux-4.1-glibc-2.26-binutils-2.28.1/usr/bin/arm-buildroot-linux-gnueabi-gcc accepts -g
configure:2748: /opt/toolchains//crosstools-arm-gcc-5.5-linux-4.1-glibc-2.26-binutils-2.28.1/usr/bin/arm-buildroot-linux-gnueabi-gcc -c -g  conftest.c >&5
configure:2748: $? = 0
configure:2789: result: yes
configure:2806: checking for /opt/toolchains//crosstools-arm-gcc-5.5-linux-4.1-glibc-2.26-binutils-2.28.1/usr/bin/arm-buildroot-linux-gnueabi-gcc option to accept ISO C89
configure:2869: /opt/toolchains//crosstools-arm-gcc-5.5-linux-4.1-glibc-2.26-binutils-2.28.1/usr/bin/arm-buildroot-linux-gnueabi-gcc  -c -Os -march=armv7-a -fomit-frame-pointer -mno-thumb-interwork -mabi=aapcs-linux -marm -fno-common -ffixed-r8 -msoft-float -D__ARM_ARCH_7A__ -Wno-date-time -Wno-cpp -I/home/gitserv_asus/GPL/ASUS_GPL/3000/asuswrt/release/src-rt-5.02axhnd.675x/kernel  conftest.c >&5
configure:2869: $? = 0
configure:2882: result: none needed
configure:2945: checking for a BSD-compatible install
configure:3013: result: /usr/bin/install -c
configure:3027: checking for arm-buildroot-linux-gnueabi-ranlib
configure:3054: result: /opt/toolchains//crosstools-arm-gcc-5.5-linux-4.1-glibc-2.26-binutils-2.28.1/usr/bin/arm-buildroot-linux-gnueabi-ranlib
configure:3123: checking how to run the C preprocessor
configure:3193: result: /opt/toolchains//crosstools-arm-gcc-5.5-linux-4.1-glibc-2.26-binutils-2.28.1/usr/bin/arm-buildroot-linux-gnueabi-cpp
configure:3213: /opt/toolchains//crosstools-arm-gcc-5.5-linux-4.1-glibc-2.26-binutils-2.28.1/usr/bin/arm-buildroot-linux-gnueabi-cpp  conftest.c
configure:3213: $? = 0
configure:3227: /opt/toolchains//crosstools-arm-gcc-5.5-linux-4.1-glibc-2.26-binutils-2.28.1/usr/bin/arm-buildroot-linux-gnueabi-cpp  conftest.c
conftest.c:9:28: fatal error: ac_nonexistent.h: No such file or directory
compilation terminated.
configure:3227: $? = 1
configure: failed program was:
| /* confdefs.h */
| #define PACKAGE_NAME "bridge-utils"
| #define PACKAGE_TARNAME "bridge-utils"
| #define PACKAGE_VERSION "1.5"
| #define PACKAGE_STRING "bridge-utils 1.5"
| #define PACKAGE_BUGREPORT ""
| #define PACKAGE_URL ""
| /* end confdefs.h.  */
| #include <ac_nonexistent.h>
configure:3256: checking for grep that handles long lines and -e
configure:3314: result: /bin/grep
configure:3319: checking for egrep
configure:3381: result: /bin/grep -E
configure:3386: checking for ANSI C header files
configure:3406: /opt/toolchains//crosstools-arm-gcc-5.5-linux-4.1-glibc-2.26-binutils-2.28.1/usr/bin/arm-buildroot-linux-gnueabi-gcc -c -Os -march=armv7-a -fomit-frame-pointer -mno-thumb-interwork -mabi=aapcs-linux -marm -fno-common -ffixed-r8 -msoft-float -D__ARM_ARCH_7A__ -Wno-date-time -Wno-cpp -I/home/gitserv_asus/GPL/ASUS_GPL/3000/asuswrt/release/src-rt-5.02axhnd.675x/kernel  conftest.c >&5
configure:3406: $? = 0
configure:3490: result: yes
configure:3503: checking for sys/types.h
configure:3503: /opt/toolchains//crosstools-arm-gcc-5.5-linux-4.1-glibc-2.26-binutils-2.28.1/usr/bin/arm-buildroot-linux-gnueabi-gcc -c -Os -march=armv7-a -fomit-frame-pointer -mno-thumb-interwork -mabi=aapcs-linux -marm -fno-common -ffixed-r8 -msoft-float -D__ARM_ARCH_7A__ -Wno-date-time -Wno-cpp -I/home/gitserv_asus/GPL/ASUS_GPL/3000/asuswrt/release/src-rt-5.02axhnd.675x/kernel  conftest.c >&5
configure:3503: $? = 0
configure:3503: result: yes
configure:3503: checking for sys/stat.h
configure:3503: /opt/toolchains//crosstools-arm-gcc-5.5-linux-4.1-glibc-2.26-binutils-2.28.1/usr/bin/arm-buildroot-linux-gnueabi-gcc -c -Os -march=armv7-a -fomit-frame-pointer -mno-thumb-interwork -mabi=aapcs-linux -marm -fno-common -ffixed-r8 -msoft-float -D__ARM_ARCH_7A__ -Wno-date-time -Wno-cpp -I/home/gitserv_asus/GPL/ASUS_GPL/3000/asuswrt/release/src-rt-5.02axhnd.675x/kernel  conftest.c >&5
configure:3503: $? = 0
configure:3503: result: yes
configure:3503: checking for stdlib.h
configure:3503: /opt/toolchains//crosstools-arm-gcc-5.5-linux-4.1-glibc-2.26-binutils-2.28.1/usr/bin/arm-buildroot-linux-gnueabi-gcc -c -Os -march=armv7-a -fomit-frame-pointer -mno-thumb-interwork -mabi=aapcs-linux -marm -fno-common -ffixed-r8 -msoft-float -D__ARM_ARCH_7A__ -Wno-date-time -Wno-cpp -I/home/gitserv_asus/GPL/ASUS_GPL/3000/asuswrt/release/src-rt-5.02axhnd.675x/kernel  conftest.c >&5
configure:3503: $? = 0
configure:3503: result: yes
configure:3503: checking for string.h
configure:3503: /opt/toolchains//crosstools-arm-gcc-5.5-linux-4.1-glibc-2.26-binutils-2.28.1/usr/bin/arm-buildroot-linux-gnueabi-gcc -c -Os -march=armv7-a -fomit-frame-pointer -mno-thumb-interwork -mabi=aapcs-linux -marm -fno-common -ffixed-r8 -msoft-float -D__ARM_ARCH_7A__ -Wno-date-time -Wno-cpp -I/home/gitserv_asus/GPL/ASUS_GPL/3000/asuswrt/release/src-rt-5.02axhnd.675x/kernel  conftest.c >&5
configure:3503: $? = 0
configure:3503: result: yes
configure:3503: checking for memory.h
configure:3503: /opt/toolchains//crosstools-arm-gcc-5.5-linux-4.1-glibc-2.26-binutils-2.28.1/usr/bin/arm-buildroot-linux-gnueabi-gcc -c -Os -march=armv7-a -fomit-frame-pointer -mno-thumb-interwork -mabi=aapcs-linux -marm -fno-common -ffixed-r8 -msoft-float -D__ARM_ARCH_7A__ -Wno-date-time -Wno-cpp -I/home/gitserv_asus/GPL/ASUS_GPL/3000/asuswrt/release/src-rt-5.02axhnd.675x/kernel  conftest.c >&5
configure:3503: $? = 0
configure:3503: result: yes
configure:3503: checking for strings.h
configure:3503: /opt/toolchains//crosstools-arm-gcc-5.5-linux-4.1-glibc-2.26-binutils-2.28.1/usr/bin/arm-buildroot-linux-gnueabi-gcc -c -Os -march=armv7-a -fomit-frame-pointer -mno-thumb-interwork -mabi=aapcs-linux -marm -fno-common -ffixed-r8 -msoft-float -D__ARM_ARCH_7A__ -Wno-date-time -Wno-cpp -I/home/gitserv_asus/GPL/ASUS_GPL/3000/asuswrt/release/src-rt-5.02axhnd.675x/kernel  conftest.c >&5
configure:3503: $? = 0
configure:3503: result: yes
configure:3503: checking for inttypes.h
configure:3503: /opt/toolchains//crosstools-arm-gcc-5.5-linux-4.1-glibc-2.26-binutils-2.28.1/usr/bin/arm-buildroot-linux-gnueabi-gcc -c -Os -march=armv7-a -fomit-frame-pointer -mno-thumb-interwork -mabi=aapcs-linux -marm -fno-common -ffixed-r8 -msoft-float -D__ARM_ARCH_7A__ -Wno-date-time -Wno-cpp -I/home/gitserv_asus/GPL/ASUS_GPL/3000/asuswrt/release/src-rt-5.02axhnd.675x/kernel  conftest.c >&5
configure:3503: $? = 0
configure:3503: result: yes
configure:3503: checking for stdint.h
configure:3503: /opt/toolchains//crosstools-arm-gcc-5.5-linux-4.1-glibc-2.26-binutils-2.28.1/usr/bin/arm-buildroot-linux-gnueabi-gcc -c -Os -march=armv7-a -fomit-frame-pointer -mno-thumb-interwork -mabi=aapcs-linux -marm -fno-common -ffixed-r8 -msoft-float -D__ARM_ARCH_7A__ -Wno-date-time -Wno-cpp -I/home/gitserv_asus/GPL/ASUS_GPL/3000/asuswrt/release/src-rt-5.02axhnd.675x/kernel  conftest.c >&5
configure:3503: $? = 0
configure:3503: result: yes
configure:3503: checking for unistd.h
configure:3503: /opt/toolchains//crosstools-arm-gcc-5.5-linux-4.1-glibc-2.26-binutils-2.28.1/usr/bin/arm-buildroot-linux-gnueabi-gcc -c -Os -march=armv7-a -fomit-frame-pointer -mno-thumb-interwork -mabi=aapcs-linux -marm -fno-common -ffixed-r8 -msoft-float -D__ARM_ARCH_7A__ -Wno-date-time -Wno-cpp -I/home/gitserv_asus/GPL/ASUS_GPL/3000/asuswrt/release/src-rt-5.02axhnd.675x/kernel  conftest.c >&5
configure:3503: $? = 0
configure:3503: result: yes
configure:3518: checking sys/ioctl.h usability
configure:3518: /opt/toolchains//crosstools-arm-gcc-5.5-linux-4.1-glibc-2.26-binutils-2.28.1/usr/bin/arm-buildroot-linux-gnueabi-gcc -c -Os -march=armv7-a -fomit-frame-pointer -mno-thumb-interwork -mabi=aapcs-linux -marm -fno-common -ffixed-r8 -msoft-float -D__ARM_ARCH_7A__ -Wno-date-time -Wno-cpp -I/home/gitserv_asus/GPL/ASUS_GPL/3000/asuswrt/release/src-rt-5.02axhnd.675x/kernel  conftest.c >&5
configure:3518: $? = 0
configure:3518: result: yes
configure:3518: checking sys/ioctl.h presence
configure:3518: /opt/toolchains//crosstools-arm-gcc-5.5-linux-4.1-glibc-2.26-binutils-2.28.1/usr/bin/arm-buildroot-linux-gnueabi-cpp  conftest.c
configure:3518: $? = 0
configure:3518: result: yes
configure:3518: checking for sys/ioctl.h
configure:3518: result: yes
configure:3518: checking sys/time.h usability
configure:3518: /opt/toolchains//crosstools-arm-gcc-5.5-linux-4.1-glibc-2.26-binutils-2.28.1/usr/bin/arm-buildroot-linux-gnueabi-gcc -c -Os -march=armv7-a -fomit-frame-pointer -mno-thumb-interwork -mabi=aapcs-linux -marm -fno-common -ffixed-r8 -msoft-float -D__ARM_ARCH_7A__ -Wno-date-time -Wno-cpp -I/home/gitserv_asus/GPL/ASUS_GPL/3000/asuswrt/release/src-rt-5.02axhnd.675x/kernel  conftest.c >&5
configure:3518: $? = 0
configure:3518: result: yes
configure:3518: checking sys/time.h presence
configure:3518: /opt/toolchains//crosstools-arm-gcc-5.5-linux-4.1-glibc-2.26-binutils-2.28.1/usr/bin/arm-buildroot-linux-gnueabi-cpp  conftest.c
configure:3518: $? = 0
configure:3518: result: yes
configure:3518: checking for sys/time.h
configure:3518: result: yes
configure:3529: checking whether time.h and sys/time.h may both be included
configure:3549: /opt/toolchains//crosstools-arm-gcc-5.5-linux-4.1-glibc-2.26-binutils-2.28.1/usr/bin/arm-buildroot-linux-gnueabi-gcc -c -Os -march=armv7-a -fomit-frame-pointer -mno-thumb-interwork -mabi=aapcs-linux -marm -fno-common -ffixed-r8 -msoft-float -D__ARM_ARCH_7A__ -Wno-date-time -Wno-cpp -I/home/gitserv_asus/GPL/ASUS_GPL/3000/asuswrt/release/src-rt-5.02axhnd.675x/kernel  conftest.c >&5
configure:3549: $? = 0
configure:3556: result: yes
configure:3568: checking for gethostname
configure:3568: /opt/toolchains//crosstools-arm-gcc-5.5-linux-4.1-glibc-2.26-binutils-2.28.1/usr/bin/arm-buildroot-linux-gnueabi-gcc -o conftest -Os -march=armv7-a -fomit-frame-pointer -mno-thumb-interwork -mabi=aapcs-linux -marm -fno-common -ffixed-r8 -msoft-float -D__ARM_ARCH_7A__ -Wno-date-time -Wno-cpp -I/home/gitserv_asus/GPL/ASUS_GPL/3000/asuswrt/release/src-rt-5.02axhnd.675x/kernel  -L/home/gitserv_asus/GPL/ASUS_GPL/3000/asuswrt/release/src-rt-5.02axhnd.675x/targets/96750GW/fs.install/lib conftest.c  >&5
configure:3568: $? = 0
configure:3568: result: yes
configure:3568: checking for socket
configure:3568: /opt/toolchains//crosstools-arm-gcc-5.5-linux-4.1-glibc-2.26-binutils-2.28.1/usr/bin/arm-buildroot-linux-gnueabi-gcc -o conftest -Os -march=armv7-a -fomit-frame-pointer -mno-thumb-interwork -mabi=aapcs-linux -marm -fno-common -ffixed-r8 -msoft-float -D__ARM_ARCH_7A__ -Wno-date-time -Wno-cpp -I/home/gitserv_asus/GPL/ASUS_GPL/3000/asuswrt/release/src-rt-5.02axhnd.675x/kernel  -L/home/gitserv_asus/GPL/ASUS_GPL/3000/asuswrt/release/src-rt-5.02axhnd.675x/targets/96750GW/fs.install/lib conftest.c  >&5
configure:3568: $? = 0
configure:3568: result: yes
configure:3568: checking for strdup
configure:3568: /opt/toolchains//crosstools-arm-gcc-5.5-linux-4.1-glibc-2.26-binutils-2.28.1/usr/bin/arm-buildroot-linux-gnueabi-gcc -o conftest -Os -march=armv7-a -fomit-frame-pointer -mno-thumb-interwork -mabi=aapcs-linux -marm -fno-common -ffixed-r8 -msoft-float -D__ARM_ARCH_7A__ -Wno-date-time -Wno-cpp -I/home/gitserv_asus/GPL/ASUS_GPL/3000/asuswrt/release/src-rt-5.02axhnd.675x/kernel  -L/home/gitserv_asus/GPL/ASUS_GPL/3000/asuswrt/release/src-rt-5.02axhnd.675x/targets/96750GW/fs.install/lib conftest.c  >&5
conftest.c:47:6: warning: conflicting types for built-in function 'strdup'
 char strdup ();
      ^
configure:3568: $? = 0
configure:3568: result: yes
configure:3568: checking for uname
configure:3568: /opt/toolchains//crosstools-arm-gcc-5.5-linux-4.1-glibc-2.26-binutils-2.28.1/usr/bin/arm-buildroot-linux-gnueabi-gcc -o conftest -Os -march=armv7-a -fomit-frame-pointer -mno-thumb-interwork -mabi=aapcs-linux -marm -fno-common -ffixed-r8 -msoft-float -D__ARM_ARCH_7A__ -Wno-date-time -Wno-cpp -I/home/gitserv_asus/GPL/ASUS_GPL/3000/asuswrt/release/src-rt-5.02axhnd.675x/kernel  -L/home/gitserv_asus/GPL/ASUS_GPL/3000/asuswrt/release/src-rt-5.02axhnd.675x/targets/96750GW/fs.install/lib conftest.c  >&5
configure:3568: $? = 0
configure:3568: result: yes
configure:3580: checking for if_nametoindex
configure:3580: /opt/toolchains//crosstools-arm-gcc-5.5-linux-4.1-glibc-2.26-binutils-2.28.1/usr/bin/arm-buildroot-linux-gnueabi-gcc -o conftest -Os -march=armv7-a -fomit-frame-pointer -mno-thumb-interwork -mabi=aapcs-linux -marm -fno-common -ffixed-r8 -msoft-float -D__ARM_ARCH_7A__ -Wno-date-time -Wno-cpp -I/home/gitserv_asus/GPL/ASUS_GPL/3000/asuswrt/release/src-rt-5.02axhnd.675x/kernel  -L/home/gitserv_asus/GPL/ASUS_GPL/3000/asuswrt/release/src-rt-5.02axhnd.675x/targets/96750GW/fs.install/lib conftest.c  >&5
configure:3580: $? = 0
configure:3580: result: yes
configure:3580: checking for if_indextoname
configure:3580: /opt/toolchains//crosstools-arm-gcc-5.5-linux-4.1-glibc-2.26-binutils-2.28.1/usr/bin/arm-buildroot-linux-gnueabi-gcc -o conftest -Os -march=armv7-a -fomit-frame-pointer -mno-thumb-interwork -mabi=aapcs-linux -marm -fno-common -ffixed-r8 -msoft-float -D__ARM_ARCH_7A__ -Wno-date-time -Wno-cpp -I/home/gitserv_asus/GPL/ASUS_GPL/3000/asuswrt/release/src-rt-5.02axhnd.675x/kernel  -L/home/gitserv_asus/GPL/ASUS_GPL/3000/asuswrt/release/src-rt-5.02axhnd.675x/targets/96750GW/fs.install/lib conftest.c  >&5
configure:3580: $? = 0
configure:3580: result: yes
configure:3708: creating ./config.status

## ---------------------- ##
## Running config.status. ##
## ---------------------- ##

This file was extended by bridge-utils config.status 1.5, which was
generated by GNU Autoconf 2.69.  Invocation command line was

  CONFIG_FILES    = 
  CONFIG_HEADERS  = 
  CONFIG_LINKS    = 
  CONFIG_COMMANDS = 
  $ ./config.status 

on P6596-PLX

config.status:818: creating doc/Makefile
config.status:921: WARNING:  '../../bridge-utils-1.5/doc/Makefile.in' seems to ignore the --datarootdir setting
config.status:818: creating libbridge/Makefile
config.status:818: creating brctl/Makefile
config.status:921: WARNING:  '../../bridge-utils-1.5/brctl/Makefile.in' seems to ignore the --datarootdir setting
config.status:818: creating Makefile
config.status:921: WARNING:  '../../bridge-utils-1.5/Makefile.in' seems to ignore the --datarootdir setting
config.status:818: creating bridge-utils.spec
config.status:818: creating libbridge/config.h

## ---------------- ##
## Cache variables. ##
## ---------------- ##

ac_cv_c_compiler_gnu=yes
ac_cv_env_CC_set=set
ac_cv_env_CC_value=/opt/toolchains//crosstools-arm-gcc-5.5-linux-4.1-glibc-2.26-binutils-2.28.1/usr/bin/arm-buildroot-linux-gnueabi-gcc
ac_cv_env_CFLAGS_set=set
ac_cv_env_CFLAGS_value='-Os -march=armv7-a -fomit-frame-pointer -mno-thumb-interwork -mabi=aapcs-linux -marm -fno-common -ffixed-r8 -msoft-float -D__ARM_ARCH_7A__ -Wno-date-time -Wno-cpp -I/home/gitserv_asus/GPL/ASUS_GPL/3000/asuswrt/release/src-rt-5.02axhnd.675x/kernel'
ac_cv_env_CPPFLAGS_set=
ac_cv_env_CPPFLAGS_value=
ac_cv_env_CPP_set=set
ac_cv_env_CPP_value=/opt/toolchains//crosstools-arm-gcc-5.5-linux-4.1-glibc-2.26-binutils-2.28.1/usr/bin/arm-buildroot-linux-gnueabi-cpp
ac_cv_env_LDFLAGS_set=set
ac_cv_env_LDFLAGS_value=-L/home/gitserv_asus/GPL/ASUS_GPL/3000/asuswrt/release/src-rt-5.02axhnd.675x/targets/96750GW/fs.install/lib
ac_cv_env_LIBS_set=
ac_cv_env_LIBS_value=
ac_cv_env_build_alias_set=
ac_cv_env_build_alias_value=
ac_cv_env_host_alias_set=set
ac_cv_env_host_alias_value=arm-buildroot-linux-gnueabi
ac_cv_env_target_alias_set=
ac_cv_env_target_alias_value=
ac_cv_func_gethostname=yes
ac_cv_func_if_indextoname=yes
ac_cv_func_if_nametoindex=yes
ac_cv_func_socket=yes
ac_cv_func_strdup=yes
ac_cv_func_uname=yes
ac_cv_header_inttypes_h=yes
ac_cv_header_memory_h=yes
ac_cv_header_stdc=yes
ac_cv_header_stdint_h=yes
ac_cv_header_stdlib_h=yes
ac_cv_header_string_h=yes
ac_cv_header_strings_h=yes
ac_cv_header_sys_ioctl_h=yes
ac_cv_header_sys_stat_h=yes
ac_cv_header_sys_time_h=yes
ac_cv_header_sys_types_h=yes
ac_cv_header_time=yes
ac_cv_header_unistd_h=yes
ac_cv_objext=o
ac_cv_path_EGREP='/bin/grep -E'
ac_cv_path_GREP=/bin/grep
ac_cv_path_install='/usr/bin/install -c'
ac_cv_prog_CC=/opt/toolchains//crosstools-arm-gcc-5.5-linux-4.1-glibc-2.26-binutils-2.28.1/usr/bin/arm-buildroot-linux-gnueabi-gcc
ac_cv_prog_CPP=/opt/toolchains//crosstools-arm-gcc-5.5-linux-4.1-glibc-2.26-binutils-2.28.1/usr/bin/arm-buildroot-linux-gnueabi-cpp
ac_cv_prog_RANLIB=/opt/toolchains//crosstools-arm-gcc-5.5-linux-4.1-glibc-2.26-binutils-2.28.1/usr/bin/arm-buildroot-linux-gnueabi-ranlib
ac_cv_prog_cc_c89=
ac_cv_prog_cc_g=yes

## ----------------- ##
## Output variables. ##
## ----------------- ##

CC='/opt/toolchains//crosstools-arm-gcc-5.5-linux-4.1-glibc-2.26-binutils-2.28.1/usr/bin/arm-buildroot-linux-gnueabi-gcc'
CFLAGS='-Os -march=armv7-a -fomit-frame-pointer -mno-thumb-interwork -mabi=aapcs-linux -marm -fno-common -ffixed-r8 -msoft-float -D__ARM_ARCH_7A__ -Wno-date-time -Wno-cpp -I/home/gitserv_asus/GPL/ASUS_GPL/3000/asuswrt/release/src-rt-5.02axhnd.675x/kernel'
CPP='/opt/toolchains//crosstools-arm-gcc-5.5-linux-4.1-glibc-2.26-binutils-2.28.1/usr/bin/arm-buildroot-linux-gnueabi-cpp'
CPPFLAGS=''
DEFS='-DHAVE_CONFIG_H'
ECHO_C=''
ECHO_N='-n'
ECHO_T=''
EGREP='/bin/grep -E'
EXEEXT=''
GREP='/bin/grep'
INSTALL_DATA='${INSTALL} -m 644'
INSTALL_PROGRAM='${INSTALL}'
INSTALL_SCRIPT='${INSTALL}'
KERNEL_HEADERS='/opt/toolchains//crosstools-arm-gcc-5.5-linux-4.1-glibc-2.26-binutils-2.28.1/usr/arm-buildroot-linux-gnueabi/sysroot/usr/include'
LDFLAGS='-L/home/gitserv_asus/GPL/ASUS_GPL/3000/asuswrt/release/src-rt-5.02axhnd.675x/targets/96750GW/fs.install/lib'
LIBOBJS=''
LIBS=''
LTLIBOBJS=''
OBJEXT='o'
PACKAGE_BUGREPORT=''
PACKAGE_NAME='bridge-utils'
PACKAGE_STRING='bridge-utils 1.5'
PACKAGE_TARNAME='bridge-utils'
PACKAGE_URL=''
PACKAGE_VERSION='1.5'
PATH_SEPARATOR=':'
RANLIB='/opt/toolchains//crosstools-arm-gcc-5.5-linux-4.1-glibc-2.26-binutils-2.28.1/usr/bin/arm-buildroot-linux-gnueabi-ranlib'
SHELL='/bin/sh'
ac_ct_CC=''
bindir='${exec_prefix}/bin'
build_alias=''
datadir='${datarootdir}'
datarootdir='${prefix}/share'
docdir='${datarootdir}/doc/${PACKAGE_TARNAME}'
dvidir='${docdir}'
exec_prefix='${prefix}'
host_alias='arm-buildroot-linux-gnueabi'
htmldir='${docdir}'
includedir='${prefix}/include'
infodir='${datarootdir}/info'
libdir='${exec_prefix}/lib'
libexecdir='${exec_prefix}/libexec'
localedir='${datarootdir}/locale'
localstatedir='${prefix}/var'
mandir='${datarootdir}/man'
oldincludedir='/usr/include'
pdfdir='${docdir}'
prefix='/home/gitserv_asus/GPL/ASUS_GPL/3000/asuswrt/release/src-rt-5.02axhnd.675x/targets/96750GW/fs.build/gpl'
program_transform_name='s,x,x,'
psdir='${docdir}'
runstatedir='${localstatedir}/run'
sbindir='${exec_prefix}/sbin'
sharedstatedir='${prefix}/com'
sysconfdir='${prefix}/etc'
target_alias=''

## ----------- ##
## confdefs.h. ##
## ----------- ##

/* confdefs.h */
#define PACKAGE_NAME "bridge-utils"
#define PACKAGE_TARNAME "bridge-utils"
#define PACKAGE_VERSION "1.5"
#define PACKAGE_STRING "bridge-utils 1.5"
#define PACKAGE_BUGREPORT ""
#define PACKAGE_URL ""
#define STDC_HEADERS 1
#define HAVE_SYS_TYPES_H 1
#define HAVE_SYS_STAT_H 1
#define HAVE_STDLIB_H 1
#define HAVE_STRING_H 1
#define HAVE_MEMORY_H 1
#define HAVE_STRINGS_H 1
#define HAVE_INTTYPES_H 1
#define HAVE_STDINT_H 1
#define HAVE_UNISTD_H 1
#define HAVE_SYS_IOCTL_H 1
#define HAVE_SYS_TIME_H 1
#define TIME_WITH_SYS_TIME 1
#define HAVE_GETHOSTNAME 1
#define HAVE_SOCKET 1
#define HAVE_STRDUP 1
#define HAVE_UNAME 1
#define HAVE_IF_NAMETOINDEX 1
#define HAVE_IF_INDEXTONAME 1

configure: exit 0
